[2023/07/24 05:57:51] - Namespace(cGAN=False, arch='ResNet18', target_arch='ResNet18', target_defense='AT_v2', target_dir='./checkpoints/', data='CIFAR100', test_batch_size=500, data_path='~/datasets/', batch_size=512, epochs=300, lr=0.1, momentum=0.9, weight_decay=0.0001, steps_S=500, steps_G=15, lr_G=0.005, lr_z=0.015, gen_dim_z=256, gen_distribution='normal', lr_hee=0.03, steps_hee=10, query_mode='hee', epsilon=0.03137254901960784, num_steps=10, step_size=0.00784313725490196, result_dir='results/GAN', save_freq=50, seed=1, lam=3.0, label_smooth_value=0.02)
[2023/07/24 06:06:51] - Epoch 1 Finish, Time Cost 536, nature_acc 0.0195, robust_acc 0.0104
[2023/07/24 06:14:44] - Epoch 2 Finish, Time Cost 472, nature_acc 0.0244, robust_acc 0.0101
[2023/07/24 06:22:15] - Epoch 3 Finish, Time Cost 451, nature_acc 0.0245, robust_acc 0.0118
[2023/07/24 06:29:37] - Epoch 4 Finish, Time Cost 441, nature_acc 0.0439, robust_acc 0.0185
[2023/07/24 06:36:54] - Epoch 5 Finish, Time Cost 437, nature_acc 0.0595, robust_acc 0.0232
[2023/07/24 06:44:09] - Epoch 6 Finish, Time Cost 434, nature_acc 0.0843, robust_acc 0.0335
[2023/07/24 06:51:20] - Epoch 7 Finish, Time Cost 431, nature_acc 0.1079, robust_acc 0.0383
[2023/07/24 06:58:29] - Epoch 8 Finish, Time Cost 428, nature_acc 0.1401, robust_acc 0.0482
[2023/07/24 07:05:37] - Epoch 9 Finish, Time Cost 427, nature_acc 0.1506, robust_acc 0.0509
[2023/07/24 07:12:42] - Epoch 10 Finish, Time Cost 424, nature_acc 0.1871, robust_acc 0.0604
[2023/07/24 07:19:45] - Epoch 11 Finish, Time Cost 423, nature_acc 0.1928, robust_acc 0.0629
[2023/07/24 07:26:48] - Epoch 12 Finish, Time Cost 422, nature_acc 0.2181, robust_acc 0.0681
[2023/07/24 07:33:49] - Epoch 13 Finish, Time Cost 421, nature_acc 0.2229, robust_acc 0.0680
[2023/07/24 07:40:52] - Epoch 14 Finish, Time Cost 422, nature_acc 0.2482, robust_acc 0.0781
[2023/07/24 07:47:54] - Epoch 15 Finish, Time Cost 421, nature_acc 0.2436, robust_acc 0.0790
[2023/07/24 07:54:55] - Epoch 16 Finish, Time Cost 420, nature_acc 0.2653, robust_acc 0.0828
[2023/07/24 08:01:56] - Epoch 17 Finish, Time Cost 420, nature_acc 0.2603, robust_acc 0.0815
[2023/07/24 08:08:56] - Epoch 18 Finish, Time Cost 420, nature_acc 0.2825, robust_acc 0.0847
[2023/07/24 08:15:56] - Epoch 19 Finish, Time Cost 419, nature_acc 0.2940, robust_acc 0.0867
[2023/07/24 08:22:56] - Epoch 20 Finish, Time Cost 419, nature_acc 0.3105, robust_acc 0.0951
[2023/07/24 08:29:56] - Epoch 21 Finish, Time Cost 419, nature_acc 0.2970, robust_acc 0.0950
[2023/07/24 08:36:57] - Epoch 22 Finish, Time Cost 420, nature_acc 0.3081, robust_acc 0.0944
[2023/07/24 08:43:58] - Epoch 23 Finish, Time Cost 421, nature_acc 0.3077, robust_acc 0.0990
[2023/07/24 08:50:58] - Epoch 24 Finish, Time Cost 419, nature_acc 0.3348, robust_acc 0.0979
[2023/07/24 08:57:57] - Epoch 25 Finish, Time Cost 418, nature_acc 0.3340, robust_acc 0.1064
[2023/07/24 09:04:56] - Epoch 26 Finish, Time Cost 418, nature_acc 0.3368, robust_acc 0.1025
[2023/07/24 09:11:54] - Epoch 27 Finish, Time Cost 418, nature_acc 0.3471, robust_acc 0.1103
[2023/07/24 09:18:53] - Epoch 28 Finish, Time Cost 418, nature_acc 0.3445, robust_acc 0.1075
[2023/07/24 09:25:51] - Epoch 29 Finish, Time Cost 417, nature_acc 0.3490, robust_acc 0.1094
[2023/07/24 09:32:49] - Epoch 30 Finish, Time Cost 417, nature_acc 0.3593, robust_acc 0.1147
[2023/07/24 09:39:47] - Epoch 31 Finish, Time Cost 418, nature_acc 0.3567, robust_acc 0.1080
[2023/07/24 09:46:39] - Epoch 32 Finish, Time Cost 411, nature_acc 0.3612, robust_acc 0.1134
[2023/07/24 09:53:24] - Epoch 33 Finish, Time Cost 405, nature_acc 0.3557, robust_acc 0.1188
[2023/07/24 10:00:16] - Epoch 34 Finish, Time Cost 411, nature_acc 0.3748, robust_acc 0.1225
[2023/07/24 10:07:11] - Epoch 35 Finish, Time Cost 414, nature_acc 0.3710, robust_acc 0.1160
[2023/07/24 10:14:05] - Epoch 36 Finish, Time Cost 414, nature_acc 0.3802, robust_acc 0.1151
[2023/07/24 10:21:01] - Epoch 37 Finish, Time Cost 415, nature_acc 0.3813, robust_acc 0.1196
[2023/07/24 10:27:56] - Epoch 38 Finish, Time Cost 415, nature_acc 0.3809, robust_acc 0.1208
[2023/07/24 10:34:53] - Epoch 39 Finish, Time Cost 416, nature_acc 0.3928, robust_acc 0.1245
[2023/07/24 10:41:51] - Epoch 40 Finish, Time Cost 418, nature_acc 0.3888, robust_acc 0.1252
[2023/07/24 10:48:50] - Epoch 41 Finish, Time Cost 418, nature_acc 0.3868, robust_acc 0.1237
[2023/07/24 10:55:47] - Epoch 42 Finish, Time Cost 417, nature_acc 0.3904, robust_acc 0.1259
[2023/07/24 11:02:44] - Epoch 43 Finish, Time Cost 416, nature_acc 0.4024, robust_acc 0.1293
[2023/07/24 11:09:40] - Epoch 44 Finish, Time Cost 415, nature_acc 0.4031, robust_acc 0.1287
[2023/07/24 11:16:35] - Epoch 45 Finish, Time Cost 415, nature_acc 0.3944, robust_acc 0.1258
[2023/07/24 11:23:31] - Epoch 46 Finish, Time Cost 415, nature_acc 0.4021, robust_acc 0.1285
[2023/07/24 11:30:26] - Epoch 47 Finish, Time Cost 415, nature_acc 0.4071, robust_acc 0.1256
[2023/07/24 11:37:22] - Epoch 48 Finish, Time Cost 416, nature_acc 0.4077, robust_acc 0.1291
[2023/07/24 11:44:20] - Epoch 49 Finish, Time Cost 417, nature_acc 0.4135, robust_acc 0.1328
[2023/07/24 11:51:17] - Epoch 50 Finish, Time Cost 416, nature_acc 0.4085, robust_acc 0.1305
[2023/07/24 11:58:13] - Epoch 51 Finish, Time Cost 416, nature_acc 0.4094, robust_acc 0.1343
[2023/07/24 12:05:09] - Epoch 52 Finish, Time Cost 415, nature_acc 0.4172, robust_acc 0.1379
[2023/07/24 12:12:05] - Epoch 53 Finish, Time Cost 416, nature_acc 0.4058, robust_acc 0.1377
[2023/07/24 12:19:02] - Epoch 54 Finish, Time Cost 416, nature_acc 0.4117, robust_acc 0.1367
[2023/07/24 12:25:58] - Epoch 55 Finish, Time Cost 415, nature_acc 0.4186, robust_acc 0.1405
[2023/07/24 12:32:54] - Epoch 56 Finish, Time Cost 415, nature_acc 0.4230, robust_acc 0.1373
[2023/07/24 12:39:51] - Epoch 57 Finish, Time Cost 416, nature_acc 0.4254, robust_acc 0.1369
[2023/07/24 12:46:48] - Epoch 58 Finish, Time Cost 417, nature_acc 0.4249, robust_acc 0.1447
[2023/07/24 12:53:45] - Epoch 59 Finish, Time Cost 416, nature_acc 0.4219, robust_acc 0.1347
[2023/07/24 13:00:41] - Epoch 60 Finish, Time Cost 416, nature_acc 0.4200, robust_acc 0.1358
[2023/07/24 13:07:37] - Epoch 61 Finish, Time Cost 415, nature_acc 0.4228, robust_acc 0.1403
[2023/07/24 13:14:33] - Epoch 62 Finish, Time Cost 415, nature_acc 0.4261, robust_acc 0.1371
[2023/07/24 13:21:29] - Epoch 63 Finish, Time Cost 415, nature_acc 0.4285, robust_acc 0.1437
[2023/07/24 13:28:24] - Epoch 64 Finish, Time Cost 415, nature_acc 0.4267, robust_acc 0.1427
[2023/07/24 13:35:20] - Epoch 65 Finish, Time Cost 416, nature_acc 0.4275, robust_acc 0.1481
[2023/07/24 13:42:18] - Epoch 66 Finish, Time Cost 416, nature_acc 0.4302, robust_acc 0.1430
[2023/07/24 13:49:14] - Epoch 67 Finish, Time Cost 415, nature_acc 0.4292, robust_acc 0.1439
[2023/07/24 13:56:09] - Epoch 68 Finish, Time Cost 415, nature_acc 0.4396, robust_acc 0.1472
[2023/07/24 14:03:05] - Epoch 69 Finish, Time Cost 415, nature_acc 0.4393, robust_acc 0.1465
[2023/07/24 14:10:00] - Epoch 70 Finish, Time Cost 414, nature_acc 0.4391, robust_acc 0.1469
[2023/07/24 14:16:56] - Epoch 71 Finish, Time Cost 415, nature_acc 0.4346, robust_acc 0.1464
[2023/07/24 14:23:51] - Epoch 72 Finish, Time Cost 415, nature_acc 0.4398, robust_acc 0.1482
[2023/07/24 14:30:46] - Epoch 73 Finish, Time Cost 415, nature_acc 0.4425, robust_acc 0.1465
[2023/07/24 14:37:43] - Epoch 74 Finish, Time Cost 416, nature_acc 0.4376, robust_acc 0.1498
[2023/07/24 14:44:40] - Epoch 75 Finish, Time Cost 417, nature_acc 0.4467, robust_acc 0.1477
[2023/07/24 14:51:36] - Epoch 76 Finish, Time Cost 416, nature_acc 0.4455, robust_acc 0.1494
[2023/07/24 14:58:32] - Epoch 77 Finish, Time Cost 415, nature_acc 0.4402, robust_acc 0.1423
[2023/07/24 15:05:27] - Epoch 78 Finish, Time Cost 415, nature_acc 0.4389, robust_acc 0.1469
[2023/07/24 15:12:22] - Epoch 79 Finish, Time Cost 414, nature_acc 0.4396, robust_acc 0.1527
[2023/07/24 15:19:17] - Epoch 80 Finish, Time Cost 415, nature_acc 0.4344, robust_acc 0.1455
[2023/07/24 15:26:12] - Epoch 81 Finish, Time Cost 415, nature_acc 0.4438, robust_acc 0.1512
[2023/07/24 15:33:07] - Epoch 82 Finish, Time Cost 414, nature_acc 0.4370, robust_acc 0.1457
[2023/07/24 15:40:00] - Epoch 83 Finish, Time Cost 413, nature_acc 0.4412, robust_acc 0.1469
[2023/07/24 15:46:54] - Epoch 84 Finish, Time Cost 413, nature_acc 0.4414, robust_acc 0.1553
[2023/07/24 15:53:47] - Epoch 85 Finish, Time Cost 413, nature_acc 0.4411, robust_acc 0.1500
[2023/07/24 16:00:41] - Epoch 86 Finish, Time Cost 414, nature_acc 0.4488, robust_acc 0.1535
[2023/07/24 16:07:35] - Epoch 87 Finish, Time Cost 413, nature_acc 0.4451, robust_acc 0.1483
[2023/07/24 16:14:29] - Epoch 88 Finish, Time Cost 414, nature_acc 0.4479, robust_acc 0.1499
[2023/07/24 16:21:24] - Epoch 89 Finish, Time Cost 414, nature_acc 0.4435, robust_acc 0.1513
[2023/07/24 16:28:19] - Epoch 90 Finish, Time Cost 415, nature_acc 0.4426, robust_acc 0.1468
[2023/07/24 16:35:15] - Epoch 91 Finish, Time Cost 416, nature_acc 0.4475, robust_acc 0.1525
[2023/07/24 16:42:11] - Epoch 92 Finish, Time Cost 416, nature_acc 0.4495, robust_acc 0.1520
[2023/07/24 16:49:08] - Epoch 93 Finish, Time Cost 416, nature_acc 0.4455, robust_acc 0.1567
[2023/07/24 16:56:04] - Epoch 94 Finish, Time Cost 416, nature_acc 0.4518, robust_acc 0.1517
[2023/07/24 17:03:00] - Epoch 95 Finish, Time Cost 415, nature_acc 0.4496, robust_acc 0.1532
[2023/07/24 17:09:55] - Epoch 96 Finish, Time Cost 414, nature_acc 0.4440, robust_acc 0.1515
[2023/07/24 17:16:49] - Epoch 97 Finish, Time Cost 414, nature_acc 0.4567, robust_acc 0.1574
[2023/07/24 17:23:43] - Epoch 98 Finish, Time Cost 414, nature_acc 0.4514, robust_acc 0.1530
[2023/07/24 17:30:37] - Epoch 99 Finish, Time Cost 413, nature_acc 0.4574, robust_acc 0.1536
[2023/07/24 17:37:31] - Epoch 100 Finish, Time Cost 413, nature_acc 0.4469, robust_acc 0.1564
[2023/07/24 17:44:26] - Epoch 101 Finish, Time Cost 415, nature_acc 0.4514, robust_acc 0.1573
[2023/07/24 17:51:20] - Epoch 102 Finish, Time Cost 413, nature_acc 0.4579, robust_acc 0.1570
[2023/07/24 17:58:14] - Epoch 103 Finish, Time Cost 413, nature_acc 0.4490, robust_acc 0.1567
[2023/07/24 18:05:08] - Epoch 104 Finish, Time Cost 413, nature_acc 0.4546, robust_acc 0.1574
[2023/07/24 18:12:02] - Epoch 105 Finish, Time Cost 413, nature_acc 0.4569, robust_acc 0.1587
[2023/07/24 18:18:55] - Epoch 106 Finish, Time Cost 413, nature_acc 0.4539, robust_acc 0.1574
[2023/07/24 18:25:49] - Epoch 107 Finish, Time Cost 413, nature_acc 0.4531, robust_acc 0.1558
[2023/07/24 18:32:43] - Epoch 108 Finish, Time Cost 414, nature_acc 0.4574, robust_acc 0.1547
[2023/07/24 18:39:39] - Epoch 109 Finish, Time Cost 415, nature_acc 0.4586, robust_acc 0.1584
[2023/07/24 18:46:35] - Epoch 110 Finish, Time Cost 415, nature_acc 0.4635, robust_acc 0.1588
[2023/07/24 18:53:29] - Epoch 111 Finish, Time Cost 414, nature_acc 0.4517, robust_acc 0.1547
[2023/07/24 19:00:24] - Epoch 112 Finish, Time Cost 414, nature_acc 0.4664, robust_acc 0.1621
[2023/07/24 19:07:18] - Epoch 113 Finish, Time Cost 413, nature_acc 0.4623, robust_acc 0.1628
[2023/07/24 19:14:11] - Epoch 114 Finish, Time Cost 413, nature_acc 0.4607, robust_acc 0.1584
[2023/07/24 19:21:05] - Epoch 115 Finish, Time Cost 414, nature_acc 0.4571, robust_acc 0.1583
[2023/07/24 19:27:59] - Epoch 116 Finish, Time Cost 414, nature_acc 0.4666, robust_acc 0.1644
[2023/07/24 19:34:54] - Epoch 117 Finish, Time Cost 414, nature_acc 0.4591, robust_acc 0.1580
[2023/07/24 19:41:49] - Epoch 118 Finish, Time Cost 415, nature_acc 0.4593, robust_acc 0.1597
[2023/07/24 19:48:44] - Epoch 119 Finish, Time Cost 414, nature_acc 0.4571, robust_acc 0.1592
[2023/07/24 19:55:37] - Epoch 120 Finish, Time Cost 413, nature_acc 0.4616, robust_acc 0.1569
[2023/07/24 20:02:31] - Epoch 121 Finish, Time Cost 413, nature_acc 0.4640, robust_acc 0.1596
[2023/07/24 20:09:25] - Epoch 122 Finish, Time Cost 413, nature_acc 0.4669, robust_acc 0.1628
[2023/07/24 20:16:19] - Epoch 123 Finish, Time Cost 414, nature_acc 0.4671, robust_acc 0.1624
[2023/07/24 20:23:13] - Epoch 124 Finish, Time Cost 413, nature_acc 0.4688, robust_acc 0.1635
[2023/07/24 20:30:07] - Epoch 125 Finish, Time Cost 413, nature_acc 0.4664, robust_acc 0.1585
[2023/07/24 20:37:03] - Epoch 126 Finish, Time Cost 415, nature_acc 0.4633, robust_acc 0.1621
[2023/07/24 20:43:59] - Epoch 127 Finish, Time Cost 416, nature_acc 0.4666, robust_acc 0.1627
[2023/07/24 20:50:54] - Epoch 128 Finish, Time Cost 415, nature_acc 0.4613, robust_acc 0.1624
[2023/07/24 20:57:48] - Epoch 129 Finish, Time Cost 414, nature_acc 0.4654, robust_acc 0.1648
[2023/07/24 21:04:43] - Epoch 130 Finish, Time Cost 414, nature_acc 0.4631, robust_acc 0.1651
[2023/07/24 21:11:37] - Epoch 131 Finish, Time Cost 414, nature_acc 0.4725, robust_acc 0.1664
[2023/07/24 21:18:31] - Epoch 132 Finish, Time Cost 413, nature_acc 0.4657, robust_acc 0.1624
[2023/07/24 21:25:25] - Epoch 133 Finish, Time Cost 413, nature_acc 0.4654, robust_acc 0.1609
[2023/07/24 21:32:18] - Epoch 134 Finish, Time Cost 413, nature_acc 0.4679, robust_acc 0.1635
[2023/07/24 21:39:12] - Epoch 135 Finish, Time Cost 414, nature_acc 0.4696, robust_acc 0.1638
[2023/07/24 21:46:06] - Epoch 136 Finish, Time Cost 414, nature_acc 0.4693, robust_acc 0.1649
[2023/07/24 21:53:00] - Epoch 137 Finish, Time Cost 413, nature_acc 0.4600, robust_acc 0.1636
[2023/07/24 21:59:54] - Epoch 138 Finish, Time Cost 413, nature_acc 0.4729, robust_acc 0.1605
[2023/07/24 22:06:47] - Epoch 139 Finish, Time Cost 413, nature_acc 0.4658, robust_acc 0.1675
[2023/07/24 22:13:41] - Epoch 140 Finish, Time Cost 413, nature_acc 0.4617, robust_acc 0.1627
[2023/07/24 22:20:34] - Epoch 141 Finish, Time Cost 413, nature_acc 0.4692, robust_acc 0.1636
[2023/07/24 22:27:27] - Epoch 142 Finish, Time Cost 413, nature_acc 0.4658, robust_acc 0.1647
[2023/07/24 22:34:22] - Epoch 143 Finish, Time Cost 414, nature_acc 0.4757, robust_acc 0.1666
[2023/07/24 22:41:18] - Epoch 144 Finish, Time Cost 415, nature_acc 0.4662, robust_acc 0.1629
[2023/07/24 22:48:13] - Epoch 145 Finish, Time Cost 414, nature_acc 0.4701, robust_acc 0.1659
[2023/07/24 22:55:07] - Epoch 146 Finish, Time Cost 414, nature_acc 0.4735, robust_acc 0.1666
[2023/07/24 23:02:01] - Epoch 147 Finish, Time Cost 414, nature_acc 0.4744, robust_acc 0.1655
[2023/07/24 23:08:55] - Epoch 148 Finish, Time Cost 414, nature_acc 0.4622, robust_acc 0.1633
[2023/07/24 23:15:49] - Epoch 149 Finish, Time Cost 414, nature_acc 0.4668, robust_acc 0.1683
[2023/07/24 23:22:44] - Epoch 150 Finish, Time Cost 414, nature_acc 0.4761, robust_acc 0.1707
[2023/07/24 23:29:38] - Epoch 151 Finish, Time Cost 413, nature_acc 0.4759, robust_acc 0.1627
[2023/07/24 23:36:33] - Epoch 152 Finish, Time Cost 414, nature_acc 0.4751, robust_acc 0.1637
[2023/07/24 23:43:28] - Epoch 153 Finish, Time Cost 415, nature_acc 0.4729, robust_acc 0.1673
[2023/07/24 23:50:23] - Epoch 154 Finish, Time Cost 414, nature_acc 0.4659, robust_acc 0.1655
[2023/07/24 23:57:18] - Epoch 155 Finish, Time Cost 415, nature_acc 0.4717, robust_acc 0.1710
[2023/07/25 00:04:13] - Epoch 156 Finish, Time Cost 414, nature_acc 0.4763, robust_acc 0.1659
[2023/07/25 00:11:07] - Epoch 157 Finish, Time Cost 414, nature_acc 0.4805, robust_acc 0.1692
[2023/07/25 00:18:02] - Epoch 158 Finish, Time Cost 414, nature_acc 0.4762, robust_acc 0.1725
[2023/07/25 00:24:57] - Epoch 159 Finish, Time Cost 414, nature_acc 0.4738, robust_acc 0.1691
[2023/07/25 00:31:52] - Epoch 160 Finish, Time Cost 415, nature_acc 0.4784, robust_acc 0.1702
[2023/07/25 00:38:48] - Epoch 161 Finish, Time Cost 415, nature_acc 0.4799, robust_acc 0.1680
[2023/07/25 00:45:41] - Epoch 162 Finish, Time Cost 412, nature_acc 0.4808, robust_acc 0.1713
[2023/07/25 00:52:35] - Epoch 163 Finish, Time Cost 413, nature_acc 0.4754, robust_acc 0.1728
[2023/07/25 00:59:31] - Epoch 164 Finish, Time Cost 415, nature_acc 0.4847, robust_acc 0.1727
[2023/07/25 01:06:26] - Epoch 165 Finish, Time Cost 415, nature_acc 0.4802, robust_acc 0.1743
[2023/07/25 01:13:19] - Epoch 166 Finish, Time Cost 412, nature_acc 0.4821, robust_acc 0.1721
[2023/07/25 01:20:13] - Epoch 167 Finish, Time Cost 414, nature_acc 0.4765, robust_acc 0.1742
[2023/07/25 01:27:08] - Epoch 168 Finish, Time Cost 415, nature_acc 0.4824, robust_acc 0.1748
[2023/07/25 01:34:04] - Epoch 169 Finish, Time Cost 415, nature_acc 0.4826, robust_acc 0.1745
[2023/07/25 01:41:01] - Epoch 170 Finish, Time Cost 417, nature_acc 0.4784, robust_acc 0.1692
[2023/07/25 01:47:58] - Epoch 171 Finish, Time Cost 416, nature_acc 0.4886, robust_acc 0.1734
[2023/07/25 01:54:54] - Epoch 172 Finish, Time Cost 416, nature_acc 0.4813, robust_acc 0.1753
[2023/07/25 02:01:51] - Epoch 173 Finish, Time Cost 416, nature_acc 0.4874, robust_acc 0.1763
[2023/07/25 02:08:47] - Epoch 174 Finish, Time Cost 416, nature_acc 0.4848, robust_acc 0.1738
[2023/07/25 02:15:44] - Epoch 175 Finish, Time Cost 416, nature_acc 0.4845, robust_acc 0.1777
[2023/07/25 02:22:40] - Epoch 176 Finish, Time Cost 416, nature_acc 0.4804, robust_acc 0.1774
[2023/07/25 02:29:37] - Epoch 177 Finish, Time Cost 416, nature_acc 0.4878, robust_acc 0.1742
[2023/07/25 02:36:34] - Epoch 178 Finish, Time Cost 416, nature_acc 0.4869, robust_acc 0.1783
[2023/07/25 02:43:27] - Epoch 179 Finish, Time Cost 413, nature_acc 0.4912, robust_acc 0.1800
[2023/07/25 02:50:19] - Epoch 180 Finish, Time Cost 412, nature_acc 0.4868, robust_acc 0.1764
[2023/07/25 02:57:11] - Epoch 181 Finish, Time Cost 411, nature_acc 0.4850, robust_acc 0.1750
[2023/07/25 03:04:02] - Epoch 182 Finish, Time Cost 411, nature_acc 0.4866, robust_acc 0.1787
[2023/07/25 03:10:53] - Epoch 183 Finish, Time Cost 411, nature_acc 0.4931, robust_acc 0.1818
[2023/07/25 03:17:45] - Epoch 184 Finish, Time Cost 411, nature_acc 0.4921, robust_acc 0.1776
[2023/07/25 03:24:36] - Epoch 185 Finish, Time Cost 411, nature_acc 0.4875, robust_acc 0.1805
[2023/07/25 03:31:27] - Epoch 186 Finish, Time Cost 410, nature_acc 0.4879, robust_acc 0.1757
[2023/07/25 03:38:19] - Epoch 187 Finish, Time Cost 412, nature_acc 0.4889, robust_acc 0.1772
[2023/07/25 03:45:11] - Epoch 188 Finish, Time Cost 412, nature_acc 0.4899, robust_acc 0.1791
[2023/07/25 03:52:02] - Epoch 189 Finish, Time Cost 410, nature_acc 0.4893, robust_acc 0.1803
[2023/07/25 03:58:53] - Epoch 190 Finish, Time Cost 411, nature_acc 0.4918, robust_acc 0.1793
[2023/07/25 04:05:44] - Epoch 191 Finish, Time Cost 410, nature_acc 0.4895, robust_acc 0.1816
[2023/07/25 04:12:35] - Epoch 192 Finish, Time Cost 411, nature_acc 0.4934, robust_acc 0.1810
[2023/07/25 04:19:27] - Epoch 193 Finish, Time Cost 411, nature_acc 0.4907, robust_acc 0.1809
[2023/07/25 04:26:18] - Epoch 194 Finish, Time Cost 411, nature_acc 0.4856, robust_acc 0.1795
[2023/07/25 04:33:10] - Epoch 195 Finish, Time Cost 412, nature_acc 0.4958, robust_acc 0.1813
[2023/07/25 04:40:04] - Epoch 196 Finish, Time Cost 413, nature_acc 0.4975, robust_acc 0.1798
[2023/07/25 04:46:57] - Epoch 197 Finish, Time Cost 412, nature_acc 0.4900, robust_acc 0.1818
[2023/07/25 04:53:49] - Epoch 198 Finish, Time Cost 412, nature_acc 0.4872, robust_acc 0.1796
[2023/07/25 05:00:41] - Epoch 199 Finish, Time Cost 411, nature_acc 0.4954, robust_acc 0.1840
[2023/07/25 05:07:33] - Epoch 200 Finish, Time Cost 411, nature_acc 0.4942, robust_acc 0.1813
[2023/07/25 05:14:24] - Epoch 201 Finish, Time Cost 411, nature_acc 0.4928, robust_acc 0.1841
[2023/07/25 05:21:16] - Epoch 202 Finish, Time Cost 411, nature_acc 0.4928, robust_acc 0.1812
[2023/07/25 05:28:08] - Epoch 203 Finish, Time Cost 411, nature_acc 0.4952, robust_acc 0.1821
[2023/07/25 05:35:00] - Epoch 204 Finish, Time Cost 412, nature_acc 0.4885, robust_acc 0.1814
[2023/07/25 05:41:54] - Epoch 205 Finish, Time Cost 413, nature_acc 0.4920, robust_acc 0.1826
[2023/07/25 05:48:43] - Epoch 206 Finish, Time Cost 408, nature_acc 0.4986, robust_acc 0.1866
[2023/07/25 05:55:31] - Epoch 207 Finish, Time Cost 408, nature_acc 0.4932, robust_acc 0.1881
[2023/07/25 06:02:19] - Epoch 208 Finish, Time Cost 407, nature_acc 0.4993, robust_acc 0.1865
[2023/07/25 06:09:07] - Epoch 209 Finish, Time Cost 407, nature_acc 0.4949, robust_acc 0.1854
[2023/07/25 06:15:54] - Epoch 210 Finish, Time Cost 406, nature_acc 0.4981, robust_acc 0.1906
[2023/07/25 06:22:41] - Epoch 211 Finish, Time Cost 406, nature_acc 0.5008, robust_acc 0.1849
[2023/07/25 06:29:28] - Epoch 212 Finish, Time Cost 407, nature_acc 0.4990, robust_acc 0.1863
[2023/07/25 06:36:16] - Epoch 213 Finish, Time Cost 407, nature_acc 0.4996, robust_acc 0.1876
[2023/07/25 06:43:03] - Epoch 214 Finish, Time Cost 407, nature_acc 0.5006, robust_acc 0.1894
[2023/07/25 06:49:58] - Epoch 215 Finish, Time Cost 414, nature_acc 0.5027, robust_acc 0.1876
[2023/07/25 06:56:54] - Epoch 216 Finish, Time Cost 415, nature_acc 0.4995, robust_acc 0.1855
[2023/07/25 07:03:49] - Epoch 217 Finish, Time Cost 415, nature_acc 0.5014, robust_acc 0.1897
[2023/07/25 07:10:44] - Epoch 218 Finish, Time Cost 415, nature_acc 0.5042, robust_acc 0.1871
[2023/07/25 07:17:39] - Epoch 219 Finish, Time Cost 414, nature_acc 0.5041, robust_acc 0.1885
[2023/07/25 07:24:34] - Epoch 220 Finish, Time Cost 415, nature_acc 0.5004, robust_acc 0.1866
[2023/07/25 07:31:29] - Epoch 221 Finish, Time Cost 414, nature_acc 0.5030, robust_acc 0.1952
[2023/07/25 07:38:24] - Epoch 222 Finish, Time Cost 415, nature_acc 0.5031, robust_acc 0.1860
[2023/07/25 07:45:19] - Epoch 223 Finish, Time Cost 414, nature_acc 0.5009, robust_acc 0.1878
[2023/07/25 07:52:13] - Epoch 224 Finish, Time Cost 414, nature_acc 0.4995, robust_acc 0.1930
[2023/07/25 07:59:07] - Epoch 225 Finish, Time Cost 414, nature_acc 0.5008, robust_acc 0.1894
[2023/07/25 08:06:02] - Epoch 226 Finish, Time Cost 414, nature_acc 0.5040, robust_acc 0.1884
[2023/07/25 08:12:56] - Epoch 227 Finish, Time Cost 413, nature_acc 0.5040, robust_acc 0.1877
[2023/07/25 08:19:50] - Epoch 228 Finish, Time Cost 414, nature_acc 0.5079, robust_acc 0.1921
[2023/07/25 08:26:45] - Epoch 229 Finish, Time Cost 415, nature_acc 0.5040, robust_acc 0.1914
[2023/07/25 08:33:42] - Epoch 230 Finish, Time Cost 416, nature_acc 0.5030, robust_acc 0.1910
[2023/07/25 08:40:39] - Epoch 231 Finish, Time Cost 417, nature_acc 0.5048, robust_acc 0.1922
[2023/07/25 08:47:36] - Epoch 232 Finish, Time Cost 417, nature_acc 0.5065, robust_acc 0.1916
[2023/07/25 08:54:33] - Epoch 233 Finish, Time Cost 416, nature_acc 0.5049, robust_acc 0.1937
[2023/07/25 09:01:30] - Epoch 234 Finish, Time Cost 416, nature_acc 0.5070, robust_acc 0.1958
[2023/07/25 09:08:26] - Epoch 235 Finish, Time Cost 416, nature_acc 0.5079, robust_acc 0.1943
[2023/07/25 09:15:22] - Epoch 236 Finish, Time Cost 416, nature_acc 0.5072, robust_acc 0.1921
[2023/07/25 09:22:19] - Epoch 237 Finish, Time Cost 416, nature_acc 0.5094, robust_acc 0.1957
[2023/07/25 09:29:15] - Epoch 238 Finish, Time Cost 416, nature_acc 0.5096, robust_acc 0.1958
[2023/07/25 09:36:12] - Epoch 239 Finish, Time Cost 416, nature_acc 0.5072, robust_acc 0.1950
[2023/07/25 09:43:10] - Epoch 240 Finish, Time Cost 418, nature_acc 0.5082, robust_acc 0.1944
[2023/07/25 09:50:07] - Epoch 241 Finish, Time Cost 416, nature_acc 0.5097, robust_acc 0.1971
[2023/07/25 09:57:04] - Epoch 242 Finish, Time Cost 416, nature_acc 0.5080, robust_acc 0.1995
[2023/07/25 10:04:00] - Epoch 243 Finish, Time Cost 416, nature_acc 0.5083, robust_acc 0.2005
[2023/07/25 10:10:56] - Epoch 244 Finish, Time Cost 416, nature_acc 0.5102, robust_acc 0.1962
[2023/07/25 10:17:53] - Epoch 245 Finish, Time Cost 416, nature_acc 0.5094, robust_acc 0.1980
[2023/07/25 10:24:49] - Epoch 246 Finish, Time Cost 416, nature_acc 0.5108, robust_acc 0.1979
[2023/07/25 10:31:46] - Epoch 247 Finish, Time Cost 416, nature_acc 0.5139, robust_acc 0.1983
[2023/07/25 10:38:45] - Epoch 248 Finish, Time Cost 418, nature_acc 0.5104, robust_acc 0.1973
[2023/07/25 10:45:44] - Epoch 249 Finish, Time Cost 418, nature_acc 0.5114, robust_acc 0.1997
[2023/07/25 10:52:41] - Epoch 250 Finish, Time Cost 417, nature_acc 0.5121, robust_acc 0.1965
[2023/07/25 10:59:39] - Epoch 251 Finish, Time Cost 417, nature_acc 0.5105, robust_acc 0.1990
[2023/07/25 11:06:37] - Epoch 252 Finish, Time Cost 417, nature_acc 0.5102, robust_acc 0.1999
[2023/07/25 11:13:34] - Epoch 253 Finish, Time Cost 417, nature_acc 0.5107, robust_acc 0.1991
[2023/07/25 11:20:32] - Epoch 254 Finish, Time Cost 417, nature_acc 0.5119, robust_acc 0.1995
[2023/07/25 11:27:28] - Epoch 255 Finish, Time Cost 416, nature_acc 0.5128, robust_acc 0.1995
[2023/07/25 11:34:25] - Epoch 256 Finish, Time Cost 416, nature_acc 0.5121, robust_acc 0.2026
[2023/07/25 11:41:22] - Epoch 257 Finish, Time Cost 417, nature_acc 0.5147, robust_acc 0.2005
[2023/07/25 11:48:19] - Epoch 258 Finish, Time Cost 416, nature_acc 0.5132, robust_acc 0.2004
[2023/07/25 11:55:15] - Epoch 259 Finish, Time Cost 416, nature_acc 0.5144, robust_acc 0.2013
[2023/07/25 12:02:13] - Epoch 260 Finish, Time Cost 417, nature_acc 0.5140, robust_acc 0.2003
[2023/07/25 12:09:11] - Epoch 261 Finish, Time Cost 417, nature_acc 0.5128, robust_acc 0.2025
[2023/07/25 12:16:08] - Epoch 262 Finish, Time Cost 417, nature_acc 0.5155, robust_acc 0.2021
[2023/07/25 12:23:04] - Epoch 263 Finish, Time Cost 416, nature_acc 0.5143, robust_acc 0.2013
[2023/07/25 12:30:01] - Epoch 264 Finish, Time Cost 416, nature_acc 0.5166, robust_acc 0.2025
[2023/07/25 12:36:59] - Epoch 265 Finish, Time Cost 417, nature_acc 0.5149, robust_acc 0.2025
[2023/07/25 12:43:57] - Epoch 266 Finish, Time Cost 418, nature_acc 0.5127, robust_acc 0.2001
[2023/07/25 12:50:55] - Epoch 267 Finish, Time Cost 417, nature_acc 0.5151, robust_acc 0.2020
[2023/07/25 12:57:52] - Epoch 268 Finish, Time Cost 417, nature_acc 0.5152, robust_acc 0.2017
[2023/07/25 13:04:49] - Epoch 269 Finish, Time Cost 416, nature_acc 0.5138, robust_acc 0.2015
[2023/07/25 13:11:45] - Epoch 270 Finish, Time Cost 416, nature_acc 0.5139, robust_acc 0.2023
[2023/07/25 13:18:41] - Epoch 271 Finish, Time Cost 416, nature_acc 0.5164, robust_acc 0.2037
[2023/07/25 13:25:37] - Epoch 272 Finish, Time Cost 415, nature_acc 0.5164, robust_acc 0.2035
[2023/07/25 13:32:34] - Epoch 273 Finish, Time Cost 416, nature_acc 0.5164, robust_acc 0.2038
[2023/07/25 13:39:30] - Epoch 274 Finish, Time Cost 416, nature_acc 0.5177, robust_acc 0.2047
[2023/07/25 13:46:27] - Epoch 275 Finish, Time Cost 416, nature_acc 0.5185, robust_acc 0.2027
[2023/07/25 13:53:24] - Epoch 276 Finish, Time Cost 416, nature_acc 0.5173, robust_acc 0.2045
[2023/07/25 14:00:21] - Epoch 277 Finish, Time Cost 417, nature_acc 0.5146, robust_acc 0.2027
[2023/07/25 14:07:17] - Epoch 278 Finish, Time Cost 415, nature_acc 0.5176, robust_acc 0.2029
[2023/07/25 14:14:13] - Epoch 279 Finish, Time Cost 415, nature_acc 0.5169, robust_acc 0.2014
[2023/07/25 14:21:09] - Epoch 280 Finish, Time Cost 416, nature_acc 0.5174, robust_acc 0.2051
[2023/07/25 14:28:06] - Epoch 281 Finish, Time Cost 416, nature_acc 0.5160, robust_acc 0.2030
[2023/07/25 14:35:03] - Epoch 282 Finish, Time Cost 417, nature_acc 0.5186, robust_acc 0.2057
[2023/07/25 14:42:00] - Epoch 283 Finish, Time Cost 417, nature_acc 0.5168, robust_acc 0.2027
[2023/07/25 14:48:57] - Epoch 284 Finish, Time Cost 416, nature_acc 0.5171, robust_acc 0.2047
[2023/07/25 14:55:52] - Epoch 285 Finish, Time Cost 415, nature_acc 0.5185, robust_acc 0.2034
[2023/07/25 15:02:48] - Epoch 286 Finish, Time Cost 415, nature_acc 0.5185, robust_acc 0.2047
[2023/07/25 15:09:43] - Epoch 287 Finish, Time Cost 415, nature_acc 0.5182, robust_acc 0.2029
[2023/07/25 15:16:38] - Epoch 288 Finish, Time Cost 414, nature_acc 0.5182, robust_acc 0.2052
[2023/07/25 15:23:32] - Epoch 289 Finish, Time Cost 414, nature_acc 0.5186, robust_acc 0.2039
[2023/07/25 15:30:27] - Epoch 290 Finish, Time Cost 414, nature_acc 0.5184, robust_acc 0.2035
[2023/07/25 15:37:23] - Epoch 291 Finish, Time Cost 415, nature_acc 0.5194, robust_acc 0.2060
[2023/07/25 15:44:20] - Epoch 292 Finish, Time Cost 416, nature_acc 0.5177, robust_acc 0.2049
[2023/07/25 15:51:15] - Epoch 293 Finish, Time Cost 415, nature_acc 0.5169, robust_acc 0.2045
[2023/07/25 15:58:10] - Epoch 294 Finish, Time Cost 415, nature_acc 0.5173, robust_acc 0.2041
[2023/07/25 16:05:06] - Epoch 295 Finish, Time Cost 415, nature_acc 0.5186, robust_acc 0.2043
[2023/07/25 16:12:03] - Epoch 296 Finish, Time Cost 417, nature_acc 0.5174, robust_acc 0.2058
[2023/07/25 16:19:00] - Epoch 297 Finish, Time Cost 417, nature_acc 0.5180, robust_acc 0.2038
[2023/07/25 16:25:58] - Epoch 298 Finish, Time Cost 417, nature_acc 0.5189, robust_acc 0.2043
[2023/07/25 16:32:56] - Epoch 299 Finish, Time Cost 418, nature_acc 0.5189, robust_acc 0.2041
[2023/07/25 16:39:54] - Epoch 300 Finish, Time Cost 418, nature_acc 0.5189, robust_acc 0.2051
[2023/07/25 16:39:54] - Best Nature ACC 0.5194
[2023/07/25 16:39:54] - Best Robust ACC 0.2060
[2023/07/25 16:39:54] - Eval Results
[2023/07/25 17:00:43] - {'Clean Acc': 51.94, 'FGSM': 23.68, 'PGD-20': 20.02, 'PGD-100': 19.88, 'CW-100': 20.91, 'AutoAttack': 19.3}
